{
  "RSpec": {
    "coverage": {
      "/home/arthur/locallab/LocalLabs-Trial-Task/app/models/organization.rb": {
        "lines": [
          1,
          1,
          1,
          null,
          null,
          null,
          null,
          null,
          null,
          null,
          null,
          1,
          null,
          null,
          null,
          null,
          null,
          null,
          1,
          15,
          null,
          null,
          null,
          1,
          14,
          null,
          null,
          null,
          1,
          9,
          3,
          null,
          null,
          null,
          null
        ]
      }
    },
    "timestamp": 1656816059
  }
}
